{
  "C:\\Users\\fozan\\Aahda_GitHub\\React-weather-app\\src\\Components\\lazyloaded\\LazyTemperatureChart.tsx": {
    "path": "C:\\Users\\fozan\\Aahda_GitHub\\React-weather-app\\src\\Components\\lazyloaded\\LazyTemperatureChart.tsx",
    "all": false,
    "statementMap": {
      "0": {
        "start": { "line": 1, "column": 0 },
        "end": { "line": 1, "column": 26 }
      },
      "1": {
        "start": { "line": 2, "column": 0 },
        "end": { "line": 2, "column": 0 }
      },
      "2": {
        "start": { "line": 3, "column": 0 },
        "end": { "line": 3, "column": 46 }
      },
      "3": {
        "start": { "line": 4, "column": 0 },
        "end": { "line": 4, "column": 140 }
      },
      "4": {
        "start": { "line": 5, "column": 0 },
        "end": { "line": 5, "column": 54 }
      },
      "5": {
        "start": { "line": 6, "column": 0 },
        "end": { "line": 6, "column": 31 }
      },
      "6": {
        "start": { "line": 7, "column": 0 },
        "end": { "line": 7, "column": 9 }
      },
      "7": {
        "start": { "line": 8, "column": 0 },
        "end": { "line": 8, "column": 8 }
      },
      "8": {
        "start": { "line": 9, "column": 0 },
        "end": { "line": 9, "column": 2 }
      },
      "9": {
        "start": { "line": 10, "column": 0 },
        "end": { "line": 10, "column": 0 }
      },
      "10": {
        "start": { "line": 11, "column": 0 },
        "end": { "line": 11, "column": 36 }
      }
    },
    "s": {
      "0": 1,
      "1": 1,
      "2": 1,
      "3": 1,
      "4": 1,
      "5": 1,
      "6": 1,
      "7": 1,
      "8": 1,
      "9": 1,
      "10": 1
    },
    "branchMap": {
      "0": {
        "type": "branch",
        "line": 3,
        "loc": {
          "start": { "line": 3, "column": 39 },
          "end": { "line": 9, "column": 2 }
        },
        "locations": [
          {
            "start": { "line": 3, "column": 39 },
            "end": { "line": 9, "column": 2 }
          }
        ]
      }
    },
    "b": { "0": [1] },
    "fnMap": {
      "0": {
        "name": "LazyTemperatureChart",
        "decl": {
          "start": { "line": 3, "column": 39 },
          "end": { "line": 9, "column": 2 }
        },
        "loc": {
          "start": { "line": 3, "column": 39 },
          "end": { "line": 9, "column": 2 }
        },
        "line": 3
      }
    },
    "f": { "0": 1 }
  }
}
