{
  "C:\\Users\\fozan\\Aahda_GitHub\\React-weather-app\\src\\Components\\Compound\\WeahterMetricsCard.tsx": {
    "path": "C:\\Users\\fozan\\Aahda_GitHub\\React-weather-app\\src\\Components\\Compound\\WeahterMetricsCard.tsx",
    "all": false,
    "statementMap": {
      "0": {
        "start": { "line": 1, "column": 0 },
        "end": { "line": 1, "column": 26 }
      },
      "1": {
        "start": { "line": 2, "column": 0 },
        "end": { "line": 2, "column": 65 }
      },
      "2": {
        "start": { "line": 3, "column": 0 },
        "end": { "line": 3, "column": 84 }
      },
      "3": {
        "start": { "line": 4, "column": 0 },
        "end": { "line": 4, "column": 0 }
      },
      "4": {
        "start": { "line": 5, "column": 0 },
        "end": { "line": 5, "column": 44 }
      },
      "5": {
        "start": { "line": 6, "column": 0 },
        "end": { "line": 6, "column": 53 }
      },
      "6": {
        "start": { "line": 7, "column": 0 },
        "end": { "line": 7, "column": 0 }
      },
      "7": {
        "start": { "line": 8, "column": 0 },
        "end": { "line": 8, "column": 62 }
      },
      "8": {
        "start": { "line": 9, "column": 0 },
        "end": { "line": 9, "column": 10 }
      },
      "9": {
        "start": { "line": 10, "column": 0 },
        "end": { "line": 10, "column": 117 }
      },
      "10": {
        "start": { "line": 11, "column": 0 },
        "end": { "line": 11, "column": 37 }
      },
      "11": {
        "start": { "line": 12, "column": 0 },
        "end": { "line": 12, "column": 70 }
      },
      "12": {
        "start": { "line": 13, "column": 0 },
        "end": { "line": 13, "column": 73 }
      },
      "13": {
        "start": { "line": 14, "column": 0 },
        "end": { "line": 14, "column": 71 }
      },
      "14": {
        "start": { "line": 15, "column": 0 },
        "end": { "line": 15, "column": 16 }
      },
      "15": {
        "start": { "line": 16, "column": 0 },
        "end": { "line": 16, "column": 51 }
      },
      "16": {
        "start": { "line": 17, "column": 0 },
        "end": { "line": 17, "column": 48 }
      },
      "17": {
        "start": { "line": 18, "column": 0 },
        "end": { "line": 18, "column": 26 }
      },
      "18": {
        "start": { "line": 19, "column": 0 },
        "end": { "line": 19, "column": 61 }
      },
      "19": {
        "start": { "line": 20, "column": 0 },
        "end": { "line": 20, "column": 17 }
      },
      "20": {
        "start": { "line": 21, "column": 0 },
        "end": { "line": 21, "column": 21 }
      },
      "21": {
        "start": { "line": 22, "column": 0 },
        "end": { "line": 22, "column": 30 }
      },
      "22": {
        "start": { "line": 23, "column": 0 },
        "end": { "line": 23, "column": 14 }
      },
      "23": {
        "start": { "line": 24, "column": 0 },
        "end": { "line": 24, "column": 9 }
      },
      "24": {
        "start": { "line": 25, "column": 0 },
        "end": { "line": 25, "column": 10 }
      },
      "25": {
        "start": { "line": 26, "column": 0 },
        "end": { "line": 26, "column": 4 }
      },
      "26": {
        "start": { "line": 27, "column": 0 },
        "end": { "line": 27, "column": 2 }
      },
      "27": {
        "start": { "line": 28, "column": 0 },
        "end": { "line": 28, "column": 34 }
      }
    },
    "s": {
      "0": 1,
      "1": 1,
      "2": 1,
      "3": 1,
      "4": 1,
      "5": 1,
      "6": 1,
      "7": 1,
      "8": 1,
      "9": 1,
      "10": 1,
      "11": 3,
      "12": 3,
      "13": 3,
      "14": 3,
      "15": 3,
      "16": 3,
      "17": 3,
      "18": 3,
      "19": 3,
      "20": 3,
      "21": 3,
      "22": 3,
      "23": 1,
      "24": 1,
      "25": 1,
      "26": 1,
      "27": 1
    },
    "branchMap": {
      "0": {
        "type": "branch",
        "line": 5,
        "loc": {
          "start": { "line": 5, "column": 37 },
          "end": { "line": 27, "column": 2 }
        },
        "locations": [
          {
            "start": { "line": 5, "column": 37 },
            "end": { "line": 27, "column": 2 }
          }
        ]
      },
      "1": {
        "type": "branch",
        "line": 11,
        "loc": {
          "start": { "line": 11, "column": 19 },
          "end": { "line": 23, "column": 14 }
        },
        "locations": [
          {
            "start": { "line": 11, "column": 19 },
            "end": { "line": 23, "column": 14 }
          }
        ]
      },
      "2": {
        "type": "branch",
        "line": 17,
        "loc": {
          "start": { "line": 17, "column": 27 },
          "end": { "line": 17, "column": 40 }
        },
        "locations": [
          {
            "start": { "line": 17, "column": 27 },
            "end": { "line": 17, "column": 40 }
          }
        ]
      },
      "3": {
        "type": "branch",
        "line": 17,
        "loc": {
          "start": { "line": 17, "column": 40 },
          "end": { "line": 17, "column": 47 }
        },
        "locations": [
          {
            "start": { "line": 17, "column": 40 },
            "end": { "line": 17, "column": 47 }
          }
        ]
      },
      "4": {
        "type": "branch",
        "line": 22,
        "loc": {
          "start": { "line": 22, "column": 22 },
          "end": { "line": 22, "column": 29 }
        },
        "locations": [
          {
            "start": { "line": 22, "column": 22 },
            "end": { "line": 22, "column": 29 }
          }
        ]
      }
    },
    "b": { "0": [1], "1": [3], "2": [2], "3": [1], "4": [2] },
    "fnMap": {
      "0": {
        "name": "WeatherMetricsCard",
        "decl": {
          "start": { "line": 5, "column": 37 },
          "end": { "line": 27, "column": 2 }
        },
        "loc": {
          "start": { "line": 5, "column": 37 },
          "end": { "line": 27, "column": 2 }
        },
        "line": 5
      }
    },
    "f": { "0": 1 }
  },
  "C:\\Users\\fozan\\Aahda_GitHub\\React-weather-app\\src\\Context\\WeatherContext.tsx": {
    "path": "C:\\Users\\fozan\\Aahda_GitHub\\React-weather-app\\src\\Context\\WeatherContext.tsx",
    "all": false,
    "statementMap": {
      "0": {
        "start": { "line": 1, "column": 0 },
        "end": { "line": 1, "column": 15 }
      },
      "1": {
        "start": { "line": 2, "column": 0 },
        "end": { "line": 2, "column": 16 }
      },
      "2": {
        "start": { "line": 3, "column": 0 },
        "end": { "line": 3, "column": 11 }
      },
      "3": {
        "start": { "line": 4, "column": 0 },
        "end": { "line": 4, "column": 13 }
      },
      "4": {
        "start": { "line": 5, "column": 0 },
        "end": { "line": 5, "column": 12 }
      },
      "5": {
        "start": { "line": 6, "column": 0 },
        "end": { "line": 6, "column": 11 }
      },
      "6": {
        "start": { "line": 7, "column": 0 },
        "end": { "line": 7, "column": 17 }
      },
      "7": {
        "start": { "line": 8, "column": 0 },
        "end": { "line": 8, "column": 5 }
      },
      "8": {
        "start": { "line": 9, "column": 0 },
        "end": { "line": 9, "column": 15 }
      },
      "9": {
        "start": { "line": 10, "column": 0 },
        "end": { "line": 10, "column": 0 }
      },
      "10": {
        "start": { "line": 11, "column": 0 },
        "end": { "line": 11, "column": 23 }
      },
      "11": {
        "start": { "line": 12, "column": 0 },
        "end": { "line": 12, "column": 9 }
      },
      "12": {
        "start": { "line": 13, "column": 0 },
        "end": { "line": 13, "column": 17 }
      },
      "13": {
        "start": { "line": 14, "column": 0 },
        "end": { "line": 14, "column": 21 }
      },
      "14": {
        "start": { "line": 15, "column": 0 },
        "end": { "line": 15, "column": 4 }
      },
      "15": {
        "start": { "line": 16, "column": 0 },
        "end": { "line": 16, "column": 13 }
      },
      "16": {
        "start": { "line": 17, "column": 0 },
        "end": { "line": 17, "column": 12 }
      },
      "17": {
        "start": { "line": 18, "column": 0 },
        "end": { "line": 18, "column": 17 }
      },
      "18": {
        "start": { "line": 19, "column": 0 },
        "end": { "line": 19, "column": 6 }
      },
      "19": {
        "start": { "line": 20, "column": 0 },
        "end": { "line": 20, "column": 8 }
      },
      "20": {
        "start": { "line": 21, "column": 0 },
        "end": { "line": 21, "column": 17 }
      },
      "21": {
        "start": { "line": 22, "column": 0 },
        "end": { "line": 22, "column": 18 }
      },
      "22": {
        "start": { "line": 23, "column": 0 },
        "end": { "line": 23, "column": 16 }
      },
      "23": {
        "start": { "line": 24, "column": 0 },
        "end": { "line": 24, "column": 21 }
      },
      "24": {
        "start": { "line": 25, "column": 0 },
        "end": { "line": 25, "column": 21 }
      },
      "25": {
        "start": { "line": 26, "column": 0 },
        "end": { "line": 26, "column": 20 }
      },
      "26": {
        "start": { "line": 27, "column": 0 },
        "end": { "line": 27, "column": 4 }
      },
      "27": {
        "start": { "line": 28, "column": 0 },
        "end": { "line": 28, "column": 10 }
      },
      "28": {
        "start": { "line": 29, "column": 0 },
        "end": { "line": 29, "column": 17 }
      },
      "29": {
        "start": { "line": 30, "column": 0 },
        "end": { "line": 30, "column": 4 }
      },
      "30": {
        "start": { "line": 31, "column": 0 },
        "end": { "line": 31, "column": 9 }
      },
      "31": {
        "start": { "line": 32, "column": 0 },
        "end": { "line": 32, "column": 18 }
      },
      "32": {
        "start": { "line": 33, "column": 0 },
        "end": { "line": 33, "column": 4 }
      },
      "33": {
        "start": { "line": 34, "column": 0 },
        "end": { "line": 34, "column": 1 }
      },
      "34": {
        "start": { "line": 35, "column": 0 },
        "end": { "line": 35, "column": 0 }
      },
      "35": {
        "start": { "line": 36, "column": 0 },
        "end": { "line": 36, "column": 31 }
      },
      "36": {
        "start": { "line": 37, "column": 0 },
        "end": { "line": 37, "column": 8 }
      },
      "37": {
        "start": { "line": 38, "column": 0 },
        "end": { "line": 38, "column": 16 }
      },
      "38": {
        "start": { "line": 39, "column": 0 },
        "end": { "line": 39, "column": 4 }
      },
      "39": {
        "start": { "line": 40, "column": 0 },
        "end": { "line": 40, "column": 13 }
      },
      "40": {
        "start": { "line": 41, "column": 0 },
        "end": { "line": 41, "column": 9 }
      },
      "41": {
        "start": { "line": 42, "column": 0 },
        "end": { "line": 42, "column": 18 }
      },
      "42": {
        "start": { "line": 43, "column": 0 },
        "end": { "line": 43, "column": 4 }
      },
      "43": {
        "start": { "line": 44, "column": 0 },
        "end": { "line": 44, "column": 17 }
      },
      "44": {
        "start": { "line": 45, "column": 0 },
        "end": { "line": 45, "column": 9 }
      },
      "45": {
        "start": { "line": 46, "column": 0 },
        "end": { "line": 46, "column": 17 }
      },
      "46": {
        "start": { "line": 47, "column": 0 },
        "end": { "line": 47, "column": 21 }
      },
      "47": {
        "start": { "line": 48, "column": 0 },
        "end": { "line": 48, "column": 4 }
      },
      "48": {
        "start": { "line": 49, "column": 0 },
        "end": { "line": 49, "column": 12 }
      },
      "49": {
        "start": { "line": 50, "column": 0 },
        "end": { "line": 50, "column": 5 }
      },
      "50": {
        "start": { "line": 51, "column": 0 },
        "end": { "line": 51, "column": 19 }
      },
      "51": {
        "start": { "line": 52, "column": 0 },
        "end": { "line": 52, "column": 6 }
      },
      "52": {
        "start": { "line": 53, "column": 0 },
        "end": { "line": 53, "column": 4 }
      },
      "53": {
        "start": { "line": 54, "column": 0 },
        "end": { "line": 54, "column": 10 }
      },
      "54": {
        "start": { "line": 55, "column": 0 },
        "end": { "line": 55, "column": 17 }
      },
      "55": {
        "start": { "line": 56, "column": 0 },
        "end": { "line": 56, "column": 4 }
      },
      "56": {
        "start": { "line": 57, "column": 0 },
        "end": { "line": 57, "column": 1 }
      },
      "57": {
        "start": { "line": 58, "column": 0 },
        "end": { "line": 58, "column": 0 }
      },
      "58": {
        "start": { "line": 59, "column": 0 },
        "end": { "line": 59, "column": 38 }
      },
      "59": {
        "start": { "line": 60, "column": 0 },
        "end": { "line": 60, "column": 21 }
      },
      "60": {
        "start": { "line": 61, "column": 0 },
        "end": { "line": 61, "column": 46 }
      },
      "61": {
        "start": { "line": 62, "column": 0 },
        "end": { "line": 62, "column": 41 }
      },
      "62": {
        "start": { "line": 63, "column": 0 },
        "end": { "line": 63, "column": 70 }
      },
      "63": {
        "start": { "line": 64, "column": 0 },
        "end": { "line": 64, "column": 20 }
      },
      "64": {
        "start": { "line": 65, "column": 0 },
        "end": { "line": 65, "column": 45 }
      },
      "65": {
        "start": { "line": 66, "column": 0 },
        "end": { "line": 66, "column": 45 }
      },
      "66": {
        "start": { "line": 67, "column": 0 },
        "end": { "line": 67, "column": 74 }
      },
      "67": {
        "start": { "line": 68, "column": 0 },
        "end": { "line": 68, "column": 20 }
      },
      "68": {
        "start": { "line": 69, "column": 0 },
        "end": { "line": 69, "column": 49 }
      },
      "69": {
        "start": { "line": 70, "column": 0 },
        "end": { "line": 70, "column": 1 }
      },
      "70": {
        "start": { "line": 71, "column": 0 },
        "end": { "line": 71, "column": 0 }
      },
      "71": {
        "start": { "line": 72, "column": 0 },
        "end": { "line": 72, "column": 77 }
      },
      "72": {
        "start": { "line": 73, "column": 0 },
        "end": { "line": 73, "column": 12 }
      },
      "73": {
        "start": { "line": 74, "column": 0 },
        "end": { "line": 74, "column": 2 }
      },
      "74": {
        "start": { "line": 75, "column": 0 },
        "end": { "line": 75, "column": 0 }
      },
      "75": {
        "start": { "line": 76, "column": 0 },
        "end": { "line": 76, "column": 79 }
      },
      "76": {
        "start": { "line": 77, "column": 0 },
        "end": { "line": 77, "column": 59 }
      },
      "77": {
        "start": { "line": 78, "column": 0 },
        "end": { "line": 78, "column": 57 }
      },
      "78": {
        "start": { "line": 79, "column": 0 },
        "end": { "line": 79, "column": 53 }
      },
      "79": {
        "start": { "line": 80, "column": 0 },
        "end": { "line": 80, "column": 39 }
      },
      "80": {
        "start": { "line": 81, "column": 0 },
        "end": { "line": 81, "column": 65 }
      },
      "81": {
        "start": { "line": 82, "column": 0 },
        "end": { "line": 82, "column": 25 }
      },
      "82": {
        "start": { "line": 83, "column": 0 },
        "end": { "line": 83, "column": 10 }
      },
      "83": {
        "start": { "line": 84, "column": 0 },
        "end": { "line": 84, "column": 55 }
      },
      "84": {
        "start": { "line": 85, "column": 0 },
        "end": { "line": 85, "column": 0 }
      },
      "85": {
        "start": { "line": 86, "column": 0 },
        "end": { "line": 86, "column": 37 }
      },
      "86": {
        "start": { "line": 87, "column": 0 },
        "end": { "line": 87, "column": 12 }
      },
      "87": {
        "start": { "line": 88, "column": 0 },
        "end": { "line": 88, "column": 17 }
      },
      "88": {
        "start": { "line": 89, "column": 0 },
        "end": { "line": 89, "column": 20 }
      },
      "89": {
        "start": { "line": 90, "column": 0 },
        "end": { "line": 90, "column": 25 }
      },
      "90": {
        "start": { "line": 91, "column": 0 },
        "end": { "line": 91, "column": 28 }
      },
      "91": {
        "start": { "line": 92, "column": 0 },
        "end": { "line": 92, "column": 16 }
      },
      "92": {
        "start": { "line": 93, "column": 0 },
        "end": { "line": 93, "column": 19 }
      },
      "93": {
        "start": { "line": 94, "column": 0 },
        "end": { "line": 94, "column": 26 }
      },
      "94": {
        "start": { "line": 95, "column": 0 },
        "end": { "line": 95, "column": 29 }
      },
      "95": {
        "start": { "line": 96, "column": 0 },
        "end": { "line": 96, "column": 14 }
      },
      "96": {
        "start": { "line": 97, "column": 0 },
        "end": { "line": 97, "column": 17 }
      },
      "97": {
        "start": { "line": 98, "column": 0 },
        "end": { "line": 98, "column": 7 }
      },
      "98": {
        "start": { "line": 99, "column": 0 },
        "end": { "line": 99, "column": 78 }
      },
      "99": {
        "start": { "line": 100, "column": 0 },
        "end": { "line": 100, "column": 4 }
      },
      "100": {
        "start": { "line": 101, "column": 0 },
        "end": { "line": 101, "column": 0 }
      },
      "101": {
        "start": { "line": 102, "column": 0 },
        "end": { "line": 102, "column": 10 }
      },
      "102": {
        "start": { "line": 103, "column": 0 },
        "end": { "line": 103, "column": 50 }
      },
      "103": {
        "start": { "line": 104, "column": 0 },
        "end": { "line": 104, "column": 16 }
      },
      "104": {
        "start": { "line": 105, "column": 0 },
        "end": { "line": 105, "column": 30 }
      },
      "105": {
        "start": { "line": 106, "column": 0 },
        "end": { "line": 106, "column": 4 }
      },
      "106": {
        "start": { "line": 107, "column": 0 },
        "end": { "line": 107, "column": 2 }
      },
      "107": {
        "start": { "line": 108, "column": 0 },
        "end": { "line": 108, "column": 0 }
      },
      "108": {
        "start": { "line": 109, "column": 0 },
        "end": { "line": 109, "column": 57 }
      },
      "109": {
        "start": { "line": 110, "column": 0 },
        "end": { "line": 110, "column": 25 }
      },
      "110": {
        "start": { "line": 111, "column": 0 },
        "end": { "line": 111, "column": 2 }
      },
      "111": {
        "start": { "line": 112, "column": 0 },
        "end": { "line": 112, "column": 0 }
      },
      "112": {
        "start": { "line": 113, "column": 0 },
        "end": { "line": 113, "column": 61 }
      },
      "113": {
        "start": { "line": 114, "column": 0 },
        "end": { "line": 114, "column": 45 }
      },
      "114": {
        "start": { "line": 115, "column": 0 },
        "end": { "line": 115, "column": 30 }
      },
      "115": {
        "start": { "line": 116, "column": 0 },
        "end": { "line": 116, "column": 20 }
      },
      "116": {
        "start": { "line": 117, "column": 0 },
        "end": { "line": 117, "column": 71 }
      },
      "117": {
        "start": { "line": 118, "column": 0 },
        "end": { "line": 118, "column": 6 }
      },
      "118": {
        "start": { "line": 119, "column": 0 },
        "end": { "line": 119, "column": 3 }
      },
      "119": {
        "start": { "line": 120, "column": 0 },
        "end": { "line": 120, "column": 17 }
      },
      "120": {
        "start": { "line": 121, "column": 0 },
        "end": { "line": 121, "column": 2 }
      }
    },
    "s": {
      "0": 1,
      "1": 1,
      "2": 1,
      "3": 1,
      "4": 1,
      "5": 1,
      "6": 1,
      "7": 1,
      "8": 1,
      "9": 1,
      "10": 1,
      "11": 1,
      "12": 1,
      "13": 1,
      "14": 1,
      "15": 1,
      "16": 1,
      "17": 1,
      "18": 1,
      "19": 1,
      "20": 1,
      "21": 1,
      "22": 1,
      "23": 1,
      "24": 1,
      "25": 1,
      "26": 1,
      "27": 1,
      "28": 1,
      "29": 1,
      "30": 1,
      "31": 1,
      "32": 1,
      "33": 1,
      "34": 1,
      "35": 1,
      "36": 1,
      "37": 1,
      "38": 1,
      "39": 1,
      "40": 1,
      "41": 1,
      "42": 1,
      "43": 1,
      "44": 1,
      "45": 1,
      "46": 1,
      "47": 1,
      "48": 1,
      "49": 1,
      "50": 1,
      "51": 1,
      "52": 1,
      "53": 1,
      "54": 1,
      "55": 1,
      "56": 1,
      "57": 1,
      "58": 1,
      "59": 1,
      "60": 1,
      "61": 1,
      "62": 1,
      "63": 1,
      "64": 1,
      "65": 1,
      "66": 1,
      "67": 1,
      "68": 1,
      "69": 1,
      "70": 1,
      "71": 1,
      "72": 1,
      "73": 1,
      "74": 1,
      "75": 1,
      "76": 1,
      "77": 1,
      "78": 1,
      "79": 1,
      "80": 1,
      "81": 1,
      "82": 1,
      "83": 1,
      "84": 1,
      "85": 1,
      "86": 1,
      "87": 1,
      "88": 1,
      "89": 1,
      "90": 1,
      "91": 1,
      "92": 1,
      "93": 1,
      "94": 1,
      "95": 1,
      "96": 1,
      "97": 1,
      "98": 1,
      "99": 1,
      "100": 1,
      "101": 1,
      "102": 1,
      "103": 1,
      "104": 1,
      "105": 1,
      "106": 1,
      "107": 1,
      "108": 1,
      "109": 1,
      "110": 1,
      "111": 1,
      "112": 1,
      "113": 1,
      "114": 1,
      "115": 0,
      "116": 0,
      "117": 0,
      "118": 0,
      "119": 1,
      "120": 1
    },
    "branchMap": {
      "0": {
        "type": "branch",
        "line": 76,
        "loc": {
          "start": { "line": 76, "column": 60 },
          "end": { "line": 107, "column": 2 }
        },
        "locations": [
          {
            "start": { "line": 76, "column": 60 },
            "end": { "line": 107, "column": 2 }
          }
        ]
      },
      "1": {
        "type": "branch",
        "line": 87,
        "loc": {
          "start": { "line": 87, "column": 4 },
          "end": { "line": 98, "column": 6 }
        },
        "locations": [
          {
            "start": { "line": 87, "column": 4 },
            "end": { "line": 98, "column": 6 }
          }
        ]
      },
      "2": {
        "type": "branch",
        "line": 113,
        "loc": {
          "start": { "line": 113, "column": 33 },
          "end": { "line": 121, "column": 2 }
        },
        "locations": [
          {
            "start": { "line": 113, "column": 33 },
            "end": { "line": 121, "column": 2 }
          }
        ]
      },
      "3": {
        "type": "branch",
        "line": 115,
        "loc": {
          "start": { "line": 115, "column": 29 },
          "end": { "line": 119, "column": 3 }
        },
        "locations": [
          {
            "start": { "line": 115, "column": 29 },
            "end": { "line": 119, "column": 3 }
          }
        ]
      }
    },
    "b": { "0": [1], "1": [1], "2": [1], "3": [0] },
    "fnMap": {
      "0": {
        "name": "WeatherContextProvider",
        "decl": {
          "start": { "line": 76, "column": 60 },
          "end": { "line": 107, "column": 2 }
        },
        "loc": {
          "start": { "line": 76, "column": 60 },
          "end": { "line": 107, "column": 2 }
        },
        "line": 76
      },
      "1": {
        "name": "useWeatherContext",
        "decl": {
          "start": { "line": 113, "column": 33 },
          "end": { "line": 121, "column": 2 }
        },
        "loc": {
          "start": { "line": 113, "column": 33 },
          "end": { "line": 121, "column": 2 }
        },
        "line": 113
      }
    },
    "f": { "0": 1, "1": 1 }
  }
}
