TN:
SF:src\Components\Compound\SunEvent.tsx
FN:12,SunEvent
FNF:1
FNH:1
FNDA:3,SunEvent
DA:1,1
DA:2,1
DA:3,1
DA:4,1
DA:5,1
DA:6,1
DA:7,1
DA:8,1
DA:9,1
DA:10,1
DA:11,1
DA:12,1
DA:13,3
DA:14,3
DA:15,3
DA:16,3
DA:17,3
DA:18,3
DA:19,3
DA:20,3
DA:21,3
DA:22,3
DA:23,3
DA:24,3
DA:25,3
DA:26,3
DA:27,3
DA:28,3
DA:29,3
DA:30,3
DA:31,3
DA:32,3
DA:33,3
DA:34,3
DA:35,3
DA:36,1
DA:37,1
LF:37
LH:37
BRDA:12,0,0,3
BRDA:16,1,0,2
BRDA:16,2,0,1
BRDA:18,3,0,2
BRDA:18,4,0,1
BRDA:22,5,0,2
BRDA:22,6,0,1
BRDA:25,7,0,2
BRDA:25,8,0,1
BRF:9
BRH:9
end_of_record
