TN:
SF:src\Components\Compound\WeatherForecastItem.tsx
FN:14,WeatherForecastItem
FN:21,onKeyDown
FN:26,onClick
FNF:3
FNH:3
FNDA:6,WeatherForecastItem
FNDA:4,onKeyDown
FNDA:2,onClick
DA:1,1
DA:2,1
DA:3,1
DA:4,1
DA:5,1
DA:6,1
DA:7,1
DA:8,1
DA:9,1
DA:10,1
DA:11,1
DA:12,1
DA:13,1
DA:14,1
DA:15,6
DA:16,6
DA:17,6
DA:18,6
DA:19,6
DA:20,6
DA:21,6
DA:22,4
DA:23,4
DA:24,4
DA:25,4
DA:26,6
DA:27,2
DA:28,1
DA:29,1
DA:30,6
DA:31,6
DA:32,6
DA:33,6
DA:34,6
DA:35,6
DA:36,6
DA:37,6
DA:38,6
DA:39,1
DA:40,1
LF:40
LH:40
BRDA:14,0,0,6
BRDA:14,1,0,0
BRDA:31,2,0,5
BRDA:31,3,0,1
BRDA:21,4,0,4
BRDA:22,5,0,2
BRDA:26,6,0,2
BRDA:28,7,0,1
BRDA:29,8,0,1
BRF:9
BRH:8
end_of_record
TN:
SF:src\Context\WeatherContext.tsx
FN:76,WeatherContextProvider
FN:113,useWeatherContext
FNF:2
FNH:2
FNDA:2,WeatherContextProvider
FNDA:6,useWeatherContext
DA:1,1
DA:2,1
DA:3,1
DA:4,1
DA:5,1
DA:6,1
DA:7,1
DA:8,1
DA:9,1
DA:10,1
DA:11,1
DA:12,1
DA:13,1
DA:14,1
DA:15,1
DA:16,1
DA:17,1
DA:18,1
DA:19,1
DA:20,1
DA:21,1
DA:22,1
DA:23,1
DA:24,1
DA:25,1
DA:26,1
DA:27,1
DA:28,1
DA:29,1
DA:30,1
DA:31,1
DA:32,1
DA:33,1
DA:34,1
DA:35,1
DA:36,1
DA:37,1
DA:38,1
DA:39,1
DA:40,1
DA:41,1
DA:42,1
DA:43,1
DA:44,1
DA:45,1
DA:46,1
DA:47,1
DA:48,1
DA:49,1
DA:50,1
DA:51,1
DA:52,1
DA:53,1
DA:54,1
DA:55,1
DA:56,1
DA:57,1
DA:58,1
DA:59,1
DA:60,1
DA:61,1
DA:62,1
DA:63,1
DA:64,1
DA:65,1
DA:66,1
DA:67,1
DA:68,1
DA:69,1
DA:70,1
DA:71,1
DA:72,1
DA:73,1
DA:74,1
DA:75,1
DA:76,1
DA:77,2
DA:78,2
DA:79,2
DA:80,2
DA:81,2
DA:82,2
DA:83,2
DA:84,2
DA:85,2
DA:86,2
DA:87,2
DA:88,2
DA:89,2
DA:90,2
DA:91,2
DA:92,2
DA:93,2
DA:94,2
DA:95,2
DA:96,2
DA:97,2
DA:98,2
DA:99,2
DA:100,2
DA:101,2
DA:102,2
DA:103,2
DA:104,2
DA:105,2
DA:106,2
DA:107,2
DA:108,1
DA:109,1
DA:110,1
DA:111,1
DA:112,1
DA:113,1
DA:114,6
DA:115,6
DA:116,0
DA:117,0
DA:118,0
DA:119,0
DA:120,6
DA:121,6
LF:121
LH:117
BRDA:76,0,0,2
BRDA:87,1,0,2
BRDA:113,2,0,6
BRDA:115,3,0,0
BRF:4
BRH:3
end_of_record
